#
# A fatal error has been detected by the Java Runtime Environment:
#
#  EXCEPTION_ACCESS_VIOLATION (0xc0000005) at pc=0x00007ff8a119c9e6, pid=12724, tid=12404
#
# JRE version: OpenJDK Runtime Environment (11.0.10) (build 11.0.10+0-b96-7249189)
# Java VM: OpenJDK 64-Bit Server VM (11.0.10+0-b96-7249189, mixed mode, tiered, compressed oops, g1 gc, windows-amd64)
# Problematic frame:
# V  [jvm.dll+0x18c9e6]
#
# No core dump will be written. Minidumps are not enabled by default on client versions of Windows
#
# If you would like to submit a bug report, please visit:
#   https://bugreport.java.com/bugreport/crash.jsp
#

---------------  S U M M A R Y ------------

Command Line: --add-opens=java.base/java.util=ALL-UNNAMED --add-opens=java.base/java.lang=ALL-UNNAMED --add-opens=java.base/java.lang.invoke=ALL-UNNAMED --add-opens=java.base/java.util=ALL-UNNAMED --add-opens=java.prefs/java.util.prefs=ALL-UNNAMED --add-opens=java.prefs/java.util.prefs=ALL-UNNAMED --add-opens=java.base/java.nio.charset=ALL-UNNAMED --add-opens=java.base/java.net=ALL-UNNAMED --add-opens=java.base/java.util.concurrent.atomic=ALL-UNNAMED -Xmx2048m -Dfile.encoding=UTF-8 -Duser.country=US -Duser.language=en -Duser.variant org.gradle.launcher.daemon.bootstrap.GradleDaemon 7.0.2

Host: Intel(R) Core(TM) i3-2330M CPU @ 2.20GHz, 4 cores, 11G,  Windows 10 , 64 bit Build 19041 (10.0.19041.1466)
Time: Tue Jul 12 17:00:40 2022 Sri Lanka Standard Time elapsed time: 36.122250 seconds (0d 0h 0m 36s)

---------------  T H R E A D  ---------------

Current thread (0x000002e1f6394800):  GCTaskThread "GC Thread#3" [stack: 0x000000e24d800000,0x000000e24d900000] [id=12404]

Stack: [0x000000e24d800000,0x000000e24d900000],  sp=0x000000e24d8ff1a8,  free space=1020k
Native frames: (J=compiled Java code, j=interpreted, Vv=VM code, C=native code)
V  [jvm.dll+0x18c9e6]


siginfo: EXCEPTION_ACCESS_VIOLATION (0xc0000005), reading address 0x00000001405a40b0


Register to memory mapping:

RIP=0x00007ff8a119c9e6 jvm.dll
RAX=0x0000000000000001 is an unknown value
RBX=0x0000000084975ca0 is pointing into object: org.gradle.api.internal.artifacts.configurations.DefaultConfigurationPublications_Decorated 
{0x0000000084975c90} - klass: 'org/gradle/api/internal/artifacts/configurations/DefaultConfigurationPublications_Decorated'
RCX=
[error occurred during error reporting (printing register info), id 0xc0000005, EXCEPTION_ACCESS_VIOLATION (0xc0000005) at pc=0x00007ff8a119c9e6]

Registers:
RAX=0x0000000000000001, RBX=0x0000000084975ca0, RCX=0x0000000086d78528, RDX=0x0000000086d78528
RSP=0x000000e24d8ff1a8, RBP=0x0000000000000005, RSI=0x000002e1fb6a9d80, RDI=0x000002e1fb6a9d80
R8 =0x0000000086d78528, R9 =0x00000001405a40a8, R10=0x0000000086d78528, R11=0x000002e1fb6a9ef0
R12=0x0000000000000000, R13=0x0000000000000000, R14=0x000002e1d97d7ed0, R15=0x0000000086d78528
RIP=0x00007ff8a119c9e6, EFLAGS=0x0000000000010202

Top of Stack: (sp=0x000000e24d8ff1a8)
0x000000e24d8ff1a8:   00007ff8a130f61c 0000000084975c01
0x000000e24d8ff1b8:   0000000000000005 000002e1fb6a9d80
0x000000e24d8ff1c8:   0000000082a3a4ed 000002e1d97d7e50
0x000000e24d8ff1d8:   00007ff8a130f998 0000004dfb6a9ef0
0x000000e24d8ff1e8:   000000000000000d 0000000000000000
0x000000e24d8ff1f8:   000002e1fb6a9d80 0000000000000000
0x000000e24d8ff208:   000002e1d97d7ed0 0000000000000000
0x000000e24d8ff218:   000002e1fb6a9d80 000000e24cafef00
0x000000e24d8ff228:   00007ff8a12e1282 0000000084975ca0
0x000000e24d8ff238:   00007ff8a130e601 0000000084975ca0
0x000000e24d8ff248:   0000000084975ca0 000002e1d97d7e50
0x000000e24d8ff258:   00007ff8a130db7b 0000000000000713
0x000000e24d8ff268:   0000000000000000 0000000084975c90
0x000000e24d8ff278:   00007ff8a130f998 0000000084c52201
0x000000e24d8ff288:   0000000000000005 000002e1fb6a9d80
0x000000e24d8ff298:   000001fa0000070c 000005f70000014e 

Instructions: (pc=0x00007ff8a119c9e6)
0x00007ff8a119c8e6:   82 00 48 d3 e0 48 03 05 1e 22 82 00 eb 04 48 8b
0x00007ff8a119c8f6:   43 08 81 78 08 00 00 00 c0 73 7d 48 8b 4f 38 48
0x00007ff8a119c906:   8b d3 48 8b 01 ff 50 20 84 c0 75 6c 38 05 80 ac
0x00007ff8a119c916:   86 00 74 15 8b 53 08 8b 0d f5 21 82 00 48 d3 e2
0x00007ff8a119c926:   48 03 15 e3 21 82 00 eb 04 48 8b 53 08 48 8b cb
0x00007ff8a119c936:   48 89 5c 24 20 e8 a0 00 00 00 80 7f 30 00 48 63
0x00007ff8a119c946:   c8 48 89 4c 24 28 0f 28 44 24 20 74 17 0f 11 86
0x00007ff8a119c956:   98 03 00 00 48 8b 5c 24 40 48 8b 74 24 48 48 83
0x00007ff8a119c966:   c4 30 5f c3 48 8b 07 48 8d 54 24 20 48 8b cf 66
0x00007ff8a119c976:   0f 7f 44 24 20 ff 50 38 48 8b 5c 24 40 48 8b 74
0x00007ff8a119c986:   24 48 48 83 c4 30 5f c3 cc cc 48 8b 49 38 48 8b
0x00007ff8a119c996:   01 48 ff 60 28 cc cc cc cc cc 80 3d f1 ab 86 00
0x00007ff8a119c9a6:   00 48 8b c1 74 1b 8b 51 08 8b 0d 63 21 82 00 48
0x00007ff8a119c9b6:   d3 e2 48 8b c8 48 03 15 4e 21 82 00 e9 19 00 00
0x00007ff8a119c9c6:   00 48 8b 51 08 48 8b c8 e9 0d 00 00 00 cc cc cc
0x00007ff8a119c9d6:   cc cc cc cc cc cc cc cc cc cc 4c 8b ca 48 8b d1
0x00007ff8a119c9e6:   45 8b 41 08 45 85 c0 7e 0e 41 f6 c0 01 75 59 41
0x00007ff8a119c9f6:   c1 f8 03 41 8b c0 c3 79 4f 80 3d 92 ab 86 00 00
0x00007ff8a119ca06:   b8 0c 00 00 00 b9 10 00 00 00 0f 45 c8 8b 05 ab
0x00007ff8a119ca16:   6c 80 00 ff c8 4c 63 c8 48 63 c1 41 8b c8 83 e1
0x00007ff8a119ca26:   3f 48 63 14 10 41 8b c0 48 c1 f8 10 0f b6 c0 48
0x00007ff8a119ca36:   d3 e2 49 8d 0c 11 49 f7 d1 48 03 c1 49 c1 e9 03
0x00007ff8a119ca46:   48 c1 e8 03 41 23 c1 c3 49 8b 01 49 8b c9 48 ff
0x00007ff8a119ca56:   a0 10 01 00 00 cc cc cc cc cc 48 83 ec 38 0f 10
0x00007ff8a119ca66:   02 48 8b 49 38 48 8d 54 24 20 0f 29 44 24 20 e8
0x00007ff8a119ca76:   56 f0 ff ff 48 83 c4 38 c3 cc 48 89 5c 24 08 55
0x00007ff8a119ca86:   56 57 41 54 41 55 41 56 41 57 48 8d 6c 24 e0 48
0x00007ff8a119ca96:   81 ec 20 01 00 00 48 8b 05 5d a5 83 00 48 33 c4
0x00007ff8a119caa6:   48 89 45 10 48 8b 05 df 15 86 00 45 33 ed 4c 8b
0x00007ff8a119cab6:   b5 80 00 00 00 4c 8b fa 48 8b bd 88 00 00 00 4d
0x00007ff8a119cac6:   8b c6 49 8b d6 49 8b f1 48 8b 48 38 48 8b 59 48
0x00007ff8a119cad6:   49 8b cf c7 45 c0 ff ff ff ff 44 89 6d d4 4c 89 


Stack slot to memory mapping:
stack at sp + 0 slots: 0x00007ff8a130f61c jvm.dll
stack at sp + 1 slots: 0x0000000084975c01 is pointing into object: java.util.LinkedHashMap 
{0x0000000084975bf0} - klass: 'java/util/LinkedHashMap'
stack at sp + 2 slots: 0x0000000000000005 is an unknown value
stack at sp + 3 slots: 0x000002e1fb6a9d80 points into unknown readable memory: 0x00007ff8a18330f8 | f8 30 83 a1 f8 7f 00 00
stack at sp + 4 slots: 0x0000000082a3a4ed is pointing into object: [Ljava.lang.Object; 
{0x0000000082a39e00} - klass: 'java/lang/Object'[]
 - length: 549
stack at sp + 5 slots: 0x000002e1d97d7e50 points into unknown readable memory: 0x0000000000000713 | 13 07 00 00 00 00 00 00
stack at sp + 6 slots: 0x00007ff8a130f998 jvm.dll
stack at sp + 7 slots: 0x0000004dfb6a9ef0 is an unknown value


---------------  P R O C E S S  ---------------

Threads class SMR info:
_java_thread_list=0x000002e1f94273d0, length=43, elements={
0x000002e1d97bc800, 0x000002e1f5b41800, 0x000002e1f5b4f000, 0x000002e1f5b94800,
0x000002e1f5b97000, 0x000002e1f5b99000, 0x000002e1f5ba1000, 0x000002e1f5ba5800,
0x000002e1f533b000, 0x000002e1f5d0d000, 0x000002e1f8056800, 0x000002e1f82a8000,
0x000002e1f7eb5000, 0x000002e1f6f4e000, 0x000002e1f9105800, 0x000002e1f91e3000,
0x000002e1f84ad000, 0x000002e1f7aea000, 0x000002e1f84c2000, 0x000002e1f5ba2000,
0x000002e1f5ba4800, 0x000002e1f5ba3800, 0x000002e1f5ba7000, 0x000002e1f5ba6000,
0x000002e1f5ba3000, 0x000002e1f5ba8800, 0x000002e1f5ba8000, 0x000002e1f6248800,
0x000002e1f6247800, 0x000002e1f6244800, 0x000002e1f6246000, 0x000002e1f9a4b000,
0x000002e1f9a51800, 0x000002e1f9a4d800, 0x000002e1f9a52800, 0x000002e1f9a4c800,
0x000002e1f9a53000, 0x000002e1f9a54000, 0x000002e1f9a4e800, 0x000002e1f9a5a000,
0x000002e1f9a55000, 0x000002e1f9a56800, 0x000002e1f9a57800
}

Java Threads: ( => current thread )
  0x000002e1d97bc800 JavaThread "main" [_thread_blocked, id=8980, stack(0x000000e24c400000,0x000000e24c500000)]
  0x000002e1f5b41800 JavaThread "Reference Handler" daemon [_thread_blocked, id=8932, stack(0x000000e24cb00000,0x000000e24cc00000)]
  0x000002e1f5b4f000 JavaThread "Finalizer" daemon [_thread_blocked, id=8920, stack(0x000000e24cc00000,0x000000e24cd00000)]
  0x000002e1f5b94800 JavaThread "Signal Dispatcher" daemon [_thread_blocked, id=8896, stack(0x000000e24cd00000,0x000000e24ce00000)]
  0x000002e1f5b97000 JavaThread "Attach Listener" daemon [_thread_blocked, id=11908, stack(0x000000e24ce00000,0x000000e24cf00000)]
  0x000002e1f5b99000 JavaThread "Service Thread" daemon [_thread_blocked, id=6276, stack(0x000000e24cf00000,0x000000e24d000000)]
  0x000002e1f5ba1000 JavaThread "C2 CompilerThread0" daemon [_thread_blocked, id=8976, stack(0x000000e24d000000,0x000000e24d100000)]
  0x000002e1f5ba5800 JavaThread "C1 CompilerThread0" daemon [_thread_blocked, id=8872, stack(0x000000e24d100000,0x000000e24d200000)]
  0x000002e1f533b000 JavaThread "Sweeper thread" daemon [_thread_blocked, id=5348, stack(0x000000e24d200000,0x000000e24d300000)]
  0x000002e1f5d0d000 JavaThread "Common-Cleaner" daemon [_thread_blocked, id=11272, stack(0x000000e24d300000,0x000000e24d400000)]
  0x000002e1f8056800 JavaThread "Daemon health stats" [_thread_blocked, id=8124, stack(0x000000e24d900000,0x000000e24da00000)]
  0x000002e1f82a8000 JavaThread "Incoming local TCP Connector on port 49937" [_thread_in_native, id=13196, stack(0x000000e24d500000,0x000000e24d600000)]
  0x000002e1f7eb5000 JavaThread "Daemon periodic checks" [_thread_blocked, id=12312, stack(0x000000e24da00000,0x000000e24db00000)]
  0x000002e1f6f4e000 JavaThread "Daemon" [_thread_blocked, id=11688, stack(0x000000e24db00000,0x000000e24dc00000)]
  0x000002e1f9105800 JavaThread "Handler for socket connection from /127.0.0.1:49937 to /127.0.0.1:49938" [_thread_in_native, id=13136, stack(0x000000e24dc00000,0x000000e24dd00000)]
  0x000002e1f91e3000 JavaThread "Cancel handler" [_thread_blocked, id=10588, stack(0x000000e24dd00000,0x000000e24de00000)]
  0x000002e1f84ad000 JavaThread "Daemon worker" [_thread_blocked, id=10296, stack(0x000000e24de00000,0x000000e24df00000)]
  0x000002e1f7aea000 JavaThread "Asynchronous log dispatcher for DefaultDaemonConnection: socket connection from /127.0.0.1:49937 to /127.0.0.1:49938" [_thread_blocked, id=10352, stack(0x000000e24df00000,0x000000e24e000000)]
  0x000002e1f84c2000 JavaThread "Stdin handler" [_thread_blocked, id=5492, stack(0x000000e24e000000,0x000000e24e100000)]
  0x000002e1f5ba2000 JavaThread "Daemon client event forwarder" [_thread_blocked, id=10524, stack(0x000000e24e100000,0x000000e24e200000)]
  0x000002e1f5ba4800 JavaThread "Cache worker for file hash cache (E:\Android\gradle\caches\7.0.2\fileHashes)" [_thread_blocked, id=12000, stack(0x000000e24e200000,0x000000e24e300000)]
  0x000002e1f5ba3800 JavaThread "File lock request listener" [_thread_in_native, id=2784, stack(0x000000e24e300000,0x000000e24e400000)]
  0x000002e1f5ba7000 JavaThread "Cache worker for journal cache (E:\Android\gradle\caches\journal-1)" [_thread_blocked, id=10640, stack(0x000000e24e400000,0x000000e24e500000)]
  0x000002e1f5ba6000 JavaThread "Cache worker for file hash cache (E:\Users\jj\Desktop\nvison2\NavigationDrawerPOS2\.gradle\7.0.2\fileHashes)" [_thread_blocked, id=10848, stack(0x000000e24e500000,0x000000e24e600000)]
  0x000002e1f5ba3000 JavaThread "File watcher server" daemon [_thread_in_native, id=10884, stack(0x000000e24e600000,0x000000e24e700000)]
  0x000002e1f5ba8800 JavaThread "File watcher consumer" daemon [_thread_blocked, id=10952, stack(0x000000e24e700000,0x000000e24e800000)]
  0x000002e1f5ba8000 JavaThread "Cache worker for checksums cache (E:\Users\jj\Desktop\nvison2\NavigationDrawerPOS2\.gradle\checksums)" [_thread_blocked, id=12768, stack(0x000000e24e800000,0x000000e24e900000)]
  0x000002e1f6248800 JavaThread "Cache worker for cache directory md-supplier (E:\Android\gradle\caches\7.0.2\md-supplier)" [_thread_blocked, id=10852, stack(0x000000e24ea00000,0x000000e24eb00000)]
  0x000002e1f6247800 JavaThread "Cache worker for cache directory md-rule (E:\Android\gradle\caches\7.0.2\md-rule)" [_thread_blocked, id=10872, stack(0x000000e24eb00000,0x000000e24ec00000)]
  0x000002e1f6244800 JavaThread "Cache worker for execution history cache (E:\Android\gradle\caches\7.0.2\executionHistory)" [_thread_blocked, id=7236, stack(0x000000e24ec00000,0x000000e24ed00000)]
  0x000002e1f6246000 JavaThread "jar transforms" [_thread_blocked, id=1556, stack(0x000000e24ed00000,0x000000e24ee00000)]
  0x000002e1f9a4b000 JavaThread "jar transforms Thread 2" [_thread_blocked, id=12160, stack(0x000000e24ee00000,0x000000e24ef00000)]
  0x000002e1f9a51800 JavaThread "Cache worker for file content cache (E:\Android\gradle\caches\7.0.2\fileContent)" [_thread_blocked, id=10892, stack(0x000000e24ef00000,0x000000e24f000000)]
  0x000002e1f9a4d800 JavaThread "Cache worker for dependencies-accessors (E:\Users\jj\Desktop\nvison2\NavigationDrawerPOS2\.gradle\7.0.2\dependencies-accessors)" [_thread_blocked, id=10836, stack(0x000000e24f000000,0x000000e24f100000)]
  0x000002e1f9a52800 JavaThread "jar transforms Thread 3" [_thread_blocked, id=11020, stack(0x000000e24f100000,0x000000e24f200000)]
  0x000002e1f9a4c800 JavaThread "Cache worker for Build Output Cleanup Cache (E:\Users\jj\Desktop\nvison2\NavigationDrawerPOS2\.gradle\buildOutputCleanup)" [_thread_blocked, id=11028, stack(0x000000e24f200000,0x000000e24f300000)]
  0x000002e1f9a53000 JavaThread "Build operations" [_thread_blocked, id=6548, stack(0x000000e24e900000,0x000000e24ea00000)]
  0x000002e1f9a54000 JavaThread "Build operations Thread 2" [_thread_blocked, id=10568, stack(0x000000e24f300000,0x000000e24f400000)]
  0x000002e1f9a4e800 JavaThread "Build operations Thread 3" [_thread_blocked, id=11016, stack(0x000000e24f400000,0x000000e24f500000)]
  0x000002e1f9a5a000 JavaThread "Build operations Thread 4" [_thread_blocked, id=5136, stack(0x000000e24f500000,0x000000e24f600000)]
  0x000002e1f9a55000 JavaThread "jar transforms Thread 4" [_thread_blocked, id=10752, stack(0x000000e24f700000,0x000000e24f800000)]
  0x000002e1f9a56800 JavaThread "Memory manager" [_thread_blocked, id=12772, stack(0x000000e24f800000,0x000000e24f900000)]
  0x000002e1f9a57800 JavaThread "C2 CompilerThread1" daemon [_thread_blocked, id=7768, stack(0x000000e24c200000,0x000000e24c300000)]

Other Threads:
  0x000002e1f531e000 VMThread "VM Thread" [stack: 0x000000e24ca00000,0x000000e24cb00000] [id=8916]
  0x000002e1f5d20000 WatcherThread [stack: 0x000000e24d400000,0x000000e24d500000] [id=11356]
  0x000002e1d97d6000 GCTaskThread "GC Thread#0" [stack: 0x000000e24c500000,0x000000e24c600000] [id=9016]
  0x000002e1f6e3c800 GCTaskThread "GC Thread#1" [stack: 0x000000e24d600000,0x000000e24d700000] [id=12112]
  0x000002e1f64b9800 GCTaskThread "GC Thread#2" [stack: 0x000000e24d700000,0x000000e24d800000] [id=8656]
=>0x000002e1f6394800 GCTaskThread "GC Thread#3" [stack: 0x000000e24d800000,0x000000e24d900000] [id=12404]
  0x000002e1d9806800 ConcurrentGCThread "G1 Main Marker" [stack: 0x000000e24c600000,0x000000e24c700000] [id=9024]
  0x000002e1d9808000 ConcurrentGCThread "G1 Conc#0" [stack: 0x000000e24c700000,0x000000e24c800000] [id=9004]
  0x000002e1f5170800 ConcurrentGCThread "G1 Refine#0" [stack: 0x000000e24c800000,0x000000e24c900000] [id=8876]
  0x000002e1fbc64800 ConcurrentGCThread "G1 Refine#1" [stack: 0x000000e24f600000,0x000000e24f700000] [id=12924]
  0x000002e1f5171800 ConcurrentGCThread "G1 Young RemSet Sampling" [stack: 0x000000e24c900000,0x000000e24ca00000] [id=8900]

Threads with active compile tasks:
C2 CompilerThread0  36174 6249       4       java.lang.Class::privateGetDeclaredMethods (64 bytes)
C2 CompilerThread1  36174 6251       4       java.lang.Class::getMethodsRecursive (99 bytes)

VM state:at safepoint (normal execution)

VM Mutex/Monitor currently owned by a thread:  ([mutex/lock_event])
[0x000002e1d97b80a0] Threads_lock - owner thread: 0x000002e1f531e000
[0x000002e1d97b9720] Heap_lock - owner thread: 0x000002e1f84ad000

Heap address: 0x0000000080000000, size: 2048 MB, Compressed Oops mode: 32-bit
Narrow klass base: 0x0000000000000000, Narrow klass shift: 3
Compressed class space size: 1073741824 Address: 0x0000000100000000

Heap:
 garbage-first heap   total 196608K, used 146472K [0x0000000080000000, 0x0000000100000000)
  region size 1024K, 108 young (110592K), 8 survivors (8192K)
 Metaspace       used 64339K, capacity 65912K, committed 66172K, reserved 1107968K
  class space    used 8133K, capacity 8678K, committed 8704K, reserved 1048576K
Heap Regions: E=young(eden), S=young(survivor), O=old, HS=humongous(starts), HC=humongous(continues), CS=collection set, F=free, A=archive, TAMS=top-at-mark-start (previous, next)
|   0|0x0000000080000000, 0x0000000080100000, 0x0000000080100000|100%| O|  |TAMS 0x0000000080100000, 0x0000000080000000| Untracked 
|   1|0x0000000080100000, 0x0000000080200000, 0x0000000080200000|100%| O|  |TAMS 0x0000000080200000, 0x0000000080100000| Untracked 
|   2|0x0000000080200000, 0x0000000080300000, 0x0000000080300000|100%| O|  |TAMS 0x0000000080300000, 0x0000000080200000| Untracked 
|   3|0x0000000080300000, 0x0000000080400000, 0x0000000080400000|100%|HS|  |TAMS 0x0000000080400000, 0x0000000080300000| Complete 
|   4|0x0000000080400000, 0x0000000080500000, 0x0000000080500000|100%|HC|  |TAMS 0x0000000080500000, 0x0000000080400000| Complete 
|   5|0x0000000080500000, 0x0000000080600000, 0x0000000080600000|100%|HC|  |TAMS 0x0000000080600000, 0x0000000080500000| Complete 
|   6|0x0000000080600000, 0x0000000080700000, 0x0000000080700000|100%| O|  |TAMS 0x0000000080700000, 0x0000000080600000| Untracked 
|   7|0x0000000080700000, 0x0000000080800000, 0x0000000080800000|100%| O|  |TAMS 0x0000000080800000, 0x0000000080700000| Untracked 
|   8|0x0000000080800000, 0x0000000080900000, 0x0000000080900000|100%| O|  |TAMS 0x0000000080900000, 0x0000000080800000| Untracked 
|   9|0x0000000080900000, 0x0000000080a00000, 0x0000000080a00000|100%| O|  |TAMS 0x0000000080a00000, 0x0000000080900000| Untracked 
|  10|0x0000000080a00000, 0x0000000080b00000, 0x0000000080b00000|100%| O|  |TAMS 0x0000000080b00000, 0x0000000080a00000| Untracked 
|  11|0x0000000080b00000, 0x0000000080c00000, 0x0000000080c00000|100%| O|  |TAMS 0x0000000080c00000, 0x0000000080b00000| Untracked 
|  12|0x0000000080c00000, 0x0000000080d00000, 0x0000000080d00000|100%| O|  |TAMS 0x0000000080d00000, 0x0000000080c00000| Untracked 
|  13|0x0000000080d00000, 0x0000000080e00000, 0x0000000080e00000|100%| O|  |TAMS 0x0000000080e00000, 0x0000000080d00000| Untracked 
|  14|0x0000000080e00000, 0x0000000080f00000, 0x0000000080f00000|100%| O|  |TAMS 0x0000000080f00000, 0x0000000080e00000| Untracked 
|  15|0x0000000080f00000, 0x0000000081000000, 0x0000000081000000|100%| O|  |TAMS 0x0000000081000000, 0x0000000080f00000| Untracked 
|  16|0x0000000081000000, 0x0000000081100000, 0x0000000081100000|100%| O|  |TAMS 0x000000008100b200, 0x0000000081000000| Untracked 
|  17|0x0000000081100000, 0x0000000081200000, 0x0000000081200000|100%|HS|  |TAMS 0x0000000081100000, 0x0000000081100000| Complete 
|  18|0x0000000081200000, 0x0000000081300000, 0x0000000081300000|100%|HS|  |TAMS 0x0000000081200000, 0x0000000081200000| Complete 
|  19|0x0000000081300000, 0x0000000081400000, 0x0000000081400000|100%|HS|  |TAMS 0x0000000081300000, 0x0000000081300000| Complete 
|  20|0x0000000081400000, 0x0000000081500000, 0x0000000081500000|100%|HC|  |TAMS 0x0000000081400000, 0x0000000081400000| Complete 
|  21|0x0000000081500000, 0x0000000081600000, 0x0000000081600000|100%| O|  |TAMS 0x0000000081500000, 0x0000000081500000| Untracked 
|  22|0x0000000081600000, 0x0000000081700000, 0x0000000081700000|100%| O|  |TAMS 0x0000000081600000, 0x0000000081600000| Untracked 
|  23|0x0000000081700000, 0x0000000081800000, 0x0000000081800000|100%| O|  |TAMS 0x0000000081700000, 0x0000000081700000| Untracked 
|  24|0x0000000081800000, 0x0000000081900000, 0x0000000081900000|100%| O|  |TAMS 0x0000000081800000, 0x0000000081800000| Untracked 
|  25|0x0000000081900000, 0x0000000081a00000, 0x0000000081a00000|100%| O|  |TAMS 0x0000000081900000, 0x0000000081900000| Untracked 
|  26|0x0000000081a00000, 0x0000000081b00000, 0x0000000081b00000|100%| O|  |TAMS 0x0000000081a00000, 0x0000000081a00000| Untracked 
|  27|0x0000000081b00000, 0x0000000081c00000, 0x0000000081c00000|100%| O|  |TAMS 0x0000000081b00000, 0x0000000081b00000| Untracked 
|  28|0x0000000081c00000, 0x0000000081d00000, 0x0000000081d00000|100%|HS|  |TAMS 0x0000000081c00000, 0x0000000081c00000| Complete 
|  29|0x0000000081d00000, 0x0000000081e00000, 0x0000000081e00000|100%| O|  |TAMS 0x0000000081d00000, 0x0000000081d00000| Untracked 
|  30|0x0000000081e00000, 0x0000000081f00000, 0x0000000081f00000|100%| O|  |TAMS 0x0000000081e00000, 0x0000000081e00000| Untracked 
|  31|0x0000000081f00000, 0x0000000082000000, 0x0000000082000000|100%| O|  |TAMS 0x0000000081f00000, 0x0000000081f00000| Untracked 
|  32|0x0000000082000000, 0x0000000082100000, 0x0000000082100000|100%| O|  |TAMS 0x0000000082000000, 0x0000000082000000| Untracked 
|  33|0x0000000082100000, 0x0000000082200000, 0x0000000082200000|100%| O|  |TAMS 0x0000000082100000, 0x0000000082100000| Untracked 
|  34|0x0000000082200000, 0x0000000082300000, 0x0000000082300000|100%| O|  |TAMS 0x0000000082200000, 0x0000000082200000| Untracked 
|  35|0x0000000082300000, 0x0000000082400000, 0x0000000082400000|100%| O|  |TAMS 0x0000000082300000, 0x0000000082300000| Untracked 
|  36|0x0000000082400000, 0x0000000082500000, 0x0000000082500000|100%| O|  |TAMS 0x0000000082400000, 0x0000000082400000| Untracked 
|  37|0x0000000082500000, 0x0000000082600000, 0x0000000082600000|100%| O|  |TAMS 0x0000000082500000, 0x0000000082500000| Untracked 
|  38|0x0000000082600000, 0x0000000082700000, 0x0000000082700000|100%| O|  |TAMS 0x0000000082600000, 0x0000000082600000| Untracked 
|  39|0x0000000082700000, 0x0000000082800000, 0x0000000082800000|100%| O|  |TAMS 0x0000000082700000, 0x0000000082700000| Untracked 
|  40|0x0000000082800000, 0x0000000082900000, 0x0000000082900000|100%| O|  |TAMS 0x0000000082800000, 0x0000000082800000| Untracked 
|  41|0x0000000082900000, 0x0000000082a00000, 0x0000000082a00000|100%| O|  |TAMS 0x0000000082900000, 0x0000000082900000| Untracked 
|  42|0x0000000082a00000, 0x0000000082b00000, 0x0000000082b00000|100%| O|  |TAMS 0x0000000082a00000, 0x0000000082a00000| Untracked 
|  43|0x0000000082b00000, 0x0000000082b446d0, 0x0000000082c00000| 26%| O|  |TAMS 0x0000000082b00000, 0x0000000082b00000| Untracked 
|  44|0x0000000082c00000, 0x0000000082c00000, 0x0000000082d00000|  0%| F|  |TAMS 0x0000000082c00000, 0x0000000082c00000| Untracked 
|  45|0x0000000082d00000, 0x0000000082d00000, 0x0000000082e00000|  0%| F|  |TAMS 0x0000000082d00000, 0x0000000082d00000| Untracked 
|  46|0x0000000082e00000, 0x0000000082e00000, 0x0000000082f00000|  0%| F|  |TAMS 0x0000000082e00000, 0x0000000082e00000| Untracked 
|  47|0x0000000082f00000, 0x0000000082f00000, 0x0000000083000000|  0%| F|  |TAMS 0x0000000082f00000, 0x0000000082f00000| Untracked 
|  48|0x0000000083000000, 0x0000000083000000, 0x0000000083100000|  0%| F|  |TAMS 0x0000000083000000, 0x0000000083000000| Untracked 
|  49|0x0000000083100000, 0x0000000083100000, 0x0000000083200000|  0%| F|  |TAMS 0x0000000083100000, 0x0000000083100000| Untracked 
|  50|0x0000000083200000, 0x0000000083200000, 0x0000000083300000|  0%| F|  |TAMS 0x0000000083200000, 0x0000000083200000| Untracked 
|  51|0x0000000083300000, 0x0000000083300000, 0x0000000083400000|  0%| F|  |TAMS 0x0000000083300000, 0x0000000083300000| Untracked 
|  52|0x0000000083400000, 0x0000000083400000, 0x0000000083500000|  0%| F|  |TAMS 0x0000000083400000, 0x0000000083400000| Untracked 
|  53|0x0000000083500000, 0x0000000083500000, 0x0000000083600000|  0%| F|  |TAMS 0x0000000083500000, 0x0000000083500000| Untracked 
|  54|0x0000000083600000, 0x0000000083600000, 0x0000000083700000|  0%| F|  |TAMS 0x0000000083600000, 0x0000000083600000| Untracked 
|  55|0x0000000083700000, 0x0000000083700000, 0x0000000083800000|  0%| F|  |TAMS 0x0000000083700000, 0x0000000083700000| Untracked 
|  56|0x0000000083800000, 0x0000000083800000, 0x0000000083900000|  0%| F|  |TAMS 0x0000000083800000, 0x0000000083800000| Untracked 
|  57|0x0000000083900000, 0x0000000083900000, 0x0000000083a00000|  0%| F|  |TAMS 0x0000000083900000, 0x0000000083900000| Untracked 
|  58|0x0000000083a00000, 0x0000000083a00000, 0x0000000083b00000|  0%| F|  |TAMS 0x0000000083a00000, 0x0000000083a00000| Untracked 
|  59|0x0000000083b00000, 0x0000000083b00000, 0x0000000083c00000|  0%| F|  |TAMS 0x0000000083b00000, 0x0000000083b00000| Untracked 
|  60|0x0000000083c00000, 0x0000000083c00000, 0x0000000083d00000|  0%| F|  |TAMS 0x0000000083c00000, 0x0000000083c00000| Untracked 
|  61|0x0000000083d00000, 0x0000000083d00000, 0x0000000083e00000|  0%| F|  |TAMS 0x0000000083d00000, 0x0000000083d00000| Untracked 
|  62|0x0000000083e00000, 0x0000000083f00000, 0x0000000083f00000|100%| E|CS|TAMS 0x0000000083e00000, 0x0000000083e00000| Complete 
|  63|0x0000000083f00000, 0x0000000084000000, 0x0000000084000000|100%| E|CS|TAMS 0x0000000083f00000, 0x0000000083f00000| Complete 
|  64|0x0000000084000000, 0x0000000084100000, 0x0000000084100000|100%| E|CS|TAMS 0x0000000084000000, 0x0000000084000000| Complete 
|  65|0x0000000084100000, 0x0000000084100000, 0x0000000084200000|  0%| F|  |TAMS 0x0000000084100000, 0x0000000084100000| Untracked 
|  66|0x0000000084200000, 0x0000000084200000, 0x0000000084300000|  0%| F|  |TAMS 0x0000000084200000, 0x0000000084200000| Untracked 
|  67|0x0000000084300000, 0x0000000084300000, 0x0000000084400000|  0%| F|  |TAMS 0x0000000084300000, 0x0000000084300000| Untracked 
|  68|0x0000000084400000, 0x0000000084400000, 0x0000000084500000|  0%| F|  |TAMS 0x0000000084400000, 0x0000000084400000| Untracked 
|  69|0x0000000084500000, 0x0000000084500000, 0x0000000084600000|  0%| F|  |TAMS 0x0000000084500000, 0x0000000084500000| Untracked 
|  70|0x0000000084600000, 0x0000000084600000, 0x0000000084700000|  0%| F|  |TAMS 0x0000000084600000, 0x0000000084600000| Untracked 
|  71|0x0000000084700000, 0x0000000084700000, 0x0000000084800000|  0%| F|  |TAMS 0x0000000084700000, 0x0000000084700000| Untracked 
|  72|0x0000000084800000, 0x0000000084900000, 0x0000000084900000|100%| S|  |TAMS 0x0000000084800000, 0x0000000084800000| Complete 
|  73|0x0000000084900000, 0x0000000084a00000, 0x0000000084a00000|100%| S|  |TAMS 0x0000000084900000, 0x0000000084900000| Complete 
|  74|0x0000000084a00000, 0x0000000084b00000, 0x0000000084b00000|100%| S|  |TAMS 0x0000000084a00000, 0x0000000084a00000| Complete 
|  75|0x0000000084b00000, 0x0000000084c00000, 0x0000000084c00000|100%| S|  |TAMS 0x0000000084b00000, 0x0000000084b00000| Complete 
|  76|0x0000000084c00000, 0x0000000084d00000, 0x0000000084d00000|100%| S|  |TAMS 0x0000000084c00000, 0x0000000084c00000| Complete 
|  77|0x0000000084d00000, 0x0000000084e00000, 0x0000000084e00000|100%| E|CS|TAMS 0x0000000084d00000, 0x0000000084d00000| Complete 
|  78|0x0000000084e00000, 0x0000000084f00000, 0x0000000084f00000|100%| E|CS|TAMS 0x0000000084e00000, 0x0000000084e00000| Complete 
|  79|0x0000000084f00000, 0x0000000085000000, 0x0000000085000000|100%| E|CS|TAMS 0x0000000084f00000, 0x0000000084f00000| Complete 
|  80|0x0000000085000000, 0x0000000085100000, 0x0000000085100000|100%| E|CS|TAMS 0x0000000085000000, 0x0000000085000000| Complete 
|  81|0x0000000085100000, 0x0000000085200000, 0x0000000085200000|100%| E|CS|TAMS 0x0000000085100000, 0x0000000085100000| Complete 
|  82|0x0000000085200000, 0x0000000085300000, 0x0000000085300000|100%| E|CS|TAMS 0x0000000085200000, 0x0000000085200000| Complete 
|  83|0x0000000085300000, 0x0000000085400000, 0x0000000085400000|100%| E|CS|TAMS 0x0000000085300000, 0x0000000085300000| Complete 
|  84|0x0000000085400000, 0x0000000085500000, 0x0000000085500000|100%| E|CS|TAMS 0x0000000085400000, 0x0000000085400000| Complete 
|  85|0x0000000085500000, 0x0000000085600000, 0x0000000085600000|100%| E|CS|TAMS 0x0000000085500000, 0x0000000085500000| Complete 
|  86|0x0000000085600000, 0x0000000085700000, 0x0000000085700000|100%| E|CS|TAMS 0x0000000085600000, 0x0000000085600000| Complete 
|  87|0x0000000085700000, 0x0000000085800000, 0x0000000085800000|100%| E|CS|TAMS 0x0000000085700000, 0x0000000085700000| Complete 
|  88|0x0000000085800000, 0x0000000085900000, 0x0000000085900000|100%| E|CS|TAMS 0x0000000085800000, 0x0000000085800000| Complete 
|  89|0x0000000085900000, 0x0000000085a00000, 0x0000000085a00000|100%| S|  |TAMS 0x0000000085900000, 0x0000000085900000| Complete 
|  90|0x0000000085a00000, 0x0000000085b00000, 0x0000000085b00000|100%| S|  |TAMS 0x0000000085a00000, 0x0000000085a00000| Complete 
|  91|0x0000000085b00000, 0x0000000085c00000, 0x0000000085c00000|100%| S|  |TAMS 0x0000000085b00000, 0x0000000085b00000| Complete 
|  92|0x0000000085c00000, 0x0000000085d00000, 0x0000000085d00000|100%| E|CS|TAMS 0x0000000085c00000, 0x0000000085c00000| Complete 
|  93|0x0000000085d00000, 0x0000000085e00000, 0x0000000085e00000|100%| E|CS|TAMS 0x0000000085d00000, 0x0000000085d00000| Complete 
|  94|0x0000000085e00000, 0x0000000085f00000, 0x0000000085f00000|100%| E|CS|TAMS 0x0000000085e00000, 0x0000000085e00000| Complete 
|  95|0x0000000085f00000, 0x0000000086000000, 0x0000000086000000|100%| E|CS|TAMS 0x0000000085f00000, 0x0000000085f00000| Complete 
|  96|0x0000000086000000, 0x0000000086100000, 0x0000000086100000|100%| E|CS|TAMS 0x0000000086000000, 0x0000000086000000| Complete 
|  97|0x0000000086100000, 0x0000000086200000, 0x0000000086200000|100%| E|CS|TAMS 0x0000000086100000, 0x0000000086100000| Complete 
|  98|0x0000000086200000, 0x0000000086300000, 0x0000000086300000|100%| E|CS|TAMS 0x0000000086200000, 0x0000000086200000| Complete 
|  99|0x0000000086300000, 0x0000000086400000, 0x0000000086400000|100%| E|CS|TAMS 0x0000000086300000, 0x0000000086300000| Complete 
| 100|0x0000000086400000, 0x0000000086500000, 0x0000000086500000|100%| E|CS|TAMS 0x0000000086400000, 0x0000000086400000| Complete 
| 101|0x0000000086500000, 0x0000000086600000, 0x0000000086600000|100%| E|CS|TAMS 0x0000000086500000, 0x0000000086500000| Complete 
| 102|0x0000000086600000, 0x0000000086700000, 0x0000000086700000|100%| E|CS|TAMS 0x0000000086600000, 0x0000000086600000| Complete 
| 103|0x0000000086700000, 0x0000000086800000, 0x0000000086800000|100%| E|CS|TAMS 0x0000000086700000, 0x0000000086700000| Complete 
| 104|0x0000000086800000, 0x0000000086900000, 0x0000000086900000|100%| E|CS|TAMS 0x0000000086800000, 0x0000000086800000| Complete 
| 105|0x0000000086900000, 0x0000000086a00000, 0x0000000086a00000|100%| E|CS|TAMS 0x0000000086900000, 0x0000000086900000| Complete 
| 106|0x0000000086a00000, 0x0000000086b00000, 0x0000000086b00000|100%| E|CS|TAMS 0x0000000086a00000, 0x0000000086a00000| Complete 
| 107|0x0000000086b00000, 0x0000000086c00000, 0x0000000086c00000|100%| E|CS|TAMS 0x0000000086b00000, 0x0000000086b00000| Complete 
| 108|0x0000000086c00000, 0x0000000086d00000, 0x0000000086d00000|100%| E|CS|TAMS 0x0000000086c00000, 0x0000000086c00000| Complete 
| 109|0x0000000086d00000, 0x0000000086e00000, 0x0000000086e00000|100%| E|CS|TAMS 0x0000000086d00000, 0x0000000086d00000| Complete 
| 110|0x0000000086e00000, 0x0000000086f00000, 0x0000000086f00000|100%| E|CS|TAMS 0x0000000086e00000, 0x0000000086e00000| Complete 
| 111|0x0000000086f00000, 0x0000000087000000, 0x0000000087000000|100%| E|CS|TAMS 0x0000000086f00000, 0x0000000086f00000| Complete 
| 112|0x0000000087000000, 0x0000000087100000, 0x0000000087100000|100%| E|CS|TAMS 0x0000000087000000, 0x0000000087000000| Complete 
| 113|0x0000000087100000, 0x0000000087200000, 0x0000000087200000|100%| E|CS|TAMS 0x0000000087100000, 0x0000000087100000| Complete 
| 114|0x0000000087200000, 0x0000000087300000, 0x0000000087300000|100%| E|CS|TAMS 0x0000000087200000, 0x0000000087200000| Complete 
| 115|0x0000000087300000, 0x0000000087400000, 0x0000000087400000|100%| E|CS|TAMS 0x0000000087300000, 0x0000000087300000| Complete 
| 116|0x0000000087400000, 0x0000000087500000, 0x0000000087500000|100%| E|CS|TAMS 0x0000000087400000, 0x0000000087400000| Complete 
| 117|0x0000000087500000, 0x0000000087600000, 0x0000000087600000|100%| E|CS|TAMS 0x0000000087500000, 0x0000000087500000| Complete 
| 118|0x0000000087600000, 0x0000000087700000, 0x0000000087700000|100%| E|CS|TAMS 0x0000000087600000, 0x0000000087600000| Complete 
| 119|0x0000000087700000, 0x0000000087800000, 0x0000000087800000|100%| E|CS|TAMS 0x0000000087700000, 0x0000000087700000| Complete 
| 120|0x0000000087800000, 0x0000000087900000, 0x0000000087900000|100%| E|CS|TAMS 0x0000000087800000, 0x0000000087800000| Complete 
| 121|0x0000000087900000, 0x0000000087a00000, 0x0000000087a00000|100%| E|CS|TAMS 0x0000000087900000, 0x0000000087900000| Complete 
| 122|0x0000000087a00000, 0x0000000087b00000, 0x0000000087b00000|100%| E|CS|TAMS 0x0000000087a00000, 0x0000000087a00000| Complete 
| 123|0x0000000087b00000, 0x0000000087c00000, 0x0000000087c00000|100%| E|CS|TAMS 0x0000000087b00000, 0x0000000087b00000| Complete 
| 124|0x0000000087c00000, 0x0000000087d00000, 0x0000000087d00000|100%| E|CS|TAMS 0x0000000087c00000, 0x0000000087c00000| Complete 
| 125|0x0000000087d00000, 0x0000000087e00000, 0x0000000087e00000|100%| E|CS|TAMS 0x0000000087d00000, 0x0000000087d00000| Complete 
| 126|0x0000000087e00000, 0x0000000087f00000, 0x0000000087f00000|100%| E|CS|TAMS 0x0000000087e00000, 0x0000000087e00000| Complete 
| 127|0x0000000087f00000, 0x0000000088000000, 0x0000000088000000|100%| E|CS|TAMS 0x0000000087f00000, 0x0000000087f00000| Complete 
| 128|0x0000000088000000, 0x0000000088100000, 0x0000000088100000|100%| E|CS|TAMS 0x0000000088000000, 0x0000000088000000| Complete 
| 129|0x0000000088100000, 0x0000000088200000, 0x0000000088200000|100%| E|CS|TAMS 0x0000000088100000, 0x0000000088100000| Complete 
| 130|0x0000000088200000, 0x0000000088300000, 0x0000000088300000|100%| E|CS|TAMS 0x0000000088200000, 0x0000000088200000| Complete 
| 131|0x0000000088300000, 0x0000000088400000, 0x0000000088400000|100%| E|CS|TAMS 0x0000000088300000, 0x0000000088300000| Complete 
| 132|0x0000000088400000, 0x0000000088500000, 0x0000000088500000|100%| E|CS|TAMS 0x0000000088400000, 0x0000000088400000| Complete 
| 133|0x0000000088500000, 0x0000000088600000, 0x0000000088600000|100%| E|CS|TAMS 0x0000000088500000, 0x0000000088500000| Complete 
| 134|0x0000000088600000, 0x0000000088700000, 0x0000000088700000|100%| E|CS|TAMS 0x0000000088600000, 0x0000000088600000| Complete 
| 135|0x0000000088700000, 0x0000000088800000, 0x0000000088800000|100%| E|CS|TAMS 0x0000000088700000, 0x0000000088700000| Complete 
| 136|0x0000000088800000, 0x0000000088900000, 0x0000000088900000|100%| E|CS|TAMS 0x0000000088800000, 0x0000000088800000| Complete 
| 137|0x0000000088900000, 0x0000000088a00000, 0x0000000088a00000|100%| E|CS|TAMS 0x0000000088900000, 0x0000000088900000| Complete 
| 138|0x0000000088a00000, 0x0000000088b00000, 0x0000000088b00000|100%| E|CS|TAMS 0x0000000088a00000, 0x0000000088a00000| Complete 
| 139|0x0000000088b00000, 0x0000000088c00000, 0x0000000088c00000|100%| E|CS|TAMS 0x0000000088b00000, 0x0000000088b00000| Complete 
| 140|0x0000000088c00000, 0x0000000088d00000, 0x0000000088d00000|100%| E|CS|TAMS 0x0000000088c00000, 0x0000000088c00000| Complete 
| 141|0x0000000088d00000, 0x0000000088e00000, 0x0000000088e00000|100%| E|CS|TAMS 0x0000000088d00000, 0x0000000088d00000| Complete 
| 142|0x0000000088e00000, 0x0000000088f00000, 0x0000000088f00000|100%| E|CS|TAMS 0x0000000088e00000, 0x0000000088e00000| Complete 
| 143|0x0000000088f00000, 0x0000000089000000, 0x0000000089000000|100%| E|CS|TAMS 0x0000000088f00000, 0x0000000088f00000| Complete 
| 144|0x0000000089000000, 0x0000000089100000, 0x0000000089100000|100%| E|CS|TAMS 0x0000000089000000, 0x0000000089000000| Complete 
| 145|0x0000000089100000, 0x0000000089200000, 0x0000000089200000|100%| E|CS|TAMS 0x0000000089100000, 0x0000000089100000| Complete 
| 146|0x0000000089200000, 0x0000000089300000, 0x0000000089300000|100%| E|CS|TAMS 0x0000000089200000, 0x0000000089200000| Complete 
| 147|0x0000000089300000, 0x0000000089400000, 0x0000000089400000|100%| E|CS|TAMS 0x0000000089300000, 0x0000000089300000| Complete 
| 148|0x0000000089400000, 0x0000000089500000, 0x0000000089500000|100%| E|CS|TAMS 0x0000000089400000, 0x0000000089400000| Complete 
| 149|0x0000000089500000, 0x0000000089600000, 0x0000000089600000|100%| E|CS|TAMS 0x0000000089500000, 0x0000000089500000| Complete 
| 150|0x0000000089600000, 0x0000000089700000, 0x0000000089700000|100%| E|CS|TAMS 0x0000000089600000, 0x0000000089600000| Complete 
| 151|0x0000000089700000, 0x0000000089800000, 0x0000000089800000|100%| E|CS|TAMS 0x0000000089700000, 0x0000000089700000| Complete 
| 152|0x0000000089800000, 0x0000000089900000, 0x0000000089900000|100%| E|CS|TAMS 0x0000000089800000, 0x0000000089800000| Complete 
| 153|0x0000000089900000, 0x0000000089a00000, 0x0000000089a00000|100%| E|CS|TAMS 0x0000000089900000, 0x0000000089900000| Complete 
| 154|0x0000000089a00000, 0x0000000089b00000, 0x0000000089b00000|100%| E|CS|TAMS 0x0000000089a00000, 0x0000000089a00000| Complete 
| 155|0x0000000089b00000, 0x0000000089c00000, 0x0000000089c00000|100%| E|CS|TAMS 0x0000000089b00000, 0x0000000089b00000| Complete 
| 156|0x0000000089c00000, 0x0000000089d00000, 0x0000000089d00000|100%| E|CS|TAMS 0x0000000089c00000, 0x0000000089c00000| Complete 
| 157|0x0000000089d00000, 0x0000000089e00000, 0x0000000089e00000|100%| E|CS|TAMS 0x0000000089d00000, 0x0000000089d00000| Complete 
| 158|0x0000000089e00000, 0x0000000089f00000, 0x0000000089f00000|100%| E|CS|TAMS 0x0000000089e00000, 0x0000000089e00000| Complete 
| 159|0x0000000089f00000, 0x000000008a000000, 0x000000008a000000|100%| E|CS|TAMS 0x0000000089f00000, 0x0000000089f00000| Complete 
| 160|0x000000008a000000, 0x000000008a100000, 0x000000008a100000|100%| E|CS|TAMS 0x000000008a000000, 0x000000008a000000| Complete 
| 161|0x000000008a100000, 0x000000008a200000, 0x000000008a200000|100%| E|CS|TAMS 0x000000008a100000, 0x000000008a100000| Complete 
| 162|0x000000008a200000, 0x000000008a300000, 0x000000008a300000|100%| E|CS|TAMS 0x000000008a200000, 0x000000008a200000| Complete 
| 163|0x000000008a300000, 0x000000008a400000, 0x000000008a400000|100%| E|CS|TAMS 0x000000008a300000, 0x000000008a300000| Complete 
| 164|0x000000008a400000, 0x000000008a500000, 0x000000008a500000|100%| E|CS|TAMS 0x000000008a400000, 0x000000008a400000| Complete 
| 165|0x000000008a500000, 0x000000008a600000, 0x000000008a600000|100%| E|CS|TAMS 0x000000008a500000, 0x000000008a500000| Complete 
| 166|0x000000008a600000, 0x000000008a700000, 0x000000008a700000|100%| E|CS|TAMS 0x000000008a600000, 0x000000008a600000| Complete 
| 167|0x000000008a700000, 0x000000008a800000, 0x000000008a800000|100%| E|CS|TAMS 0x000000008a700000, 0x000000008a700000| Complete 
| 168|0x000000008a800000, 0x000000008a900000, 0x000000008a900000|100%| E|CS|TAMS 0x000000008a800000, 0x000000008a800000| Complete 
| 169|0x000000008a900000, 0x000000008aa00000, 0x000000008aa00000|100%| E|CS|TAMS 0x000000008a900000, 0x000000008a900000| Complete 
| 170|0x000000008aa00000, 0x000000008ab00000, 0x000000008ab00000|100%| E|CS|TAMS 0x000000008aa00000, 0x000000008aa00000| Complete 
| 171|0x000000008ab00000, 0x000000008ac00000, 0x000000008ac00000|100%| E|CS|TAMS 0x000000008ab00000, 0x000000008ab00000| Complete 
| 172|0x000000008ac00000, 0x000000008ad00000, 0x000000008ad00000|100%| E|CS|TAMS 0x000000008ac00000, 0x000000008ac00000| Complete 
| 173|0x000000008ad00000, 0x000000008ae00000, 0x000000008ae00000|100%| E|CS|TAMS 0x000000008ad00000, 0x000000008ad00000| Complete 
| 174|0x000000008ae00000, 0x000000008af00000, 0x000000008af00000|100%| E|CS|TAMS 0x000000008ae00000, 0x000000008ae00000| Complete 
| 175|0x000000008af00000, 0x000000008b000000, 0x000000008b000000|100%| E|CS|TAMS 0x000000008af00000, 0x000000008af00000| Complete 
| 176|0x000000008b000000, 0x000000008b100000, 0x000000008b100000|100%| E|CS|TAMS 0x000000008b000000, 0x000000008b000000| Complete 
| 177|0x000000008b100000, 0x000000008b200000, 0x000000008b200000|100%| E|CS|TAMS 0x000000008b100000, 0x000000008b100000| Complete 
| 178|0x000000008b200000, 0x000000008b300000, 0x000000008b300000|100%| E|CS|TAMS 0x000000008b200000, 0x000000008b200000| Complete 
| 179|0x000000008b300000, 0x000000008b400000, 0x000000008b400000|100%| E|CS|TAMS 0x000000008b300000, 0x000000008b300000| Complete 
| 180|0x000000008b400000, 0x000000008b500000, 0x000000008b500000|100%| E|CS|TAMS 0x000000008b400000, 0x000000008b400000| Complete 
| 181|0x000000008b500000, 0x000000008b600000, 0x000000008b600000|100%| E|CS|TAMS 0x000000008b500000, 0x000000008b500000| Complete 
| 182|0x000000008b600000, 0x000000008b700000, 0x000000008b700000|100%| E|CS|TAMS 0x000000008b600000, 0x000000008b600000| Complete 
| 183|0x000000008b700000, 0x000000008b800000, 0x000000008b800000|100%| E|CS|TAMS 0x000000008b700000, 0x000000008b700000| Complete 
| 184|0x000000008b800000, 0x000000008b900000, 0x000000008b900000|100%| E|CS|TAMS 0x000000008b800000, 0x000000008b800000| Complete 
| 185|0x000000008b900000, 0x000000008ba00000, 0x000000008ba00000|100%| E|CS|TAMS 0x000000008b900000, 0x000000008b900000| Complete 
| 186|0x000000008ba00000, 0x000000008bb00000, 0x000000008bb00000|100%| E|CS|TAMS 0x000000008ba00000, 0x000000008ba00000| Complete 
| 187|0x000000008bb00000, 0x000000008bc00000, 0x000000008bc00000|100%| E|CS|TAMS 0x000000008bb00000, 0x000000008bb00000| Complete 
| 188|0x000000008bc00000, 0x000000008bd00000, 0x000000008bd00000|100%| E|CS|TAMS 0x000000008bc00000, 0x000000008bc00000| Complete 
| 189|0x000000008bd00000, 0x000000008be00000, 0x000000008be00000|100%| E|CS|TAMS 0x000000008bd00000, 0x000000008bd00000| Complete 
| 190|0x000000008be00000, 0x000000008bf00000, 0x000000008bf00000|100%| E|CS|TAMS 0x000000008be00000, 0x000000008be00000| Complete 
| 191|0x000000008bf00000, 0x000000008c000000, 0x000000008c000000|100%| E|CS|TAMS 0x000000008bf00000, 0x000000008bf00000| Complete 

Card table byte_map: [0x000002e1ee500000,0x000002e1ee900000] _byte_map_base: 0x000002e1ee100000

Marking Bits (Prev, Next): (CMBitMap*) 0x000002e1d97fdbd0, (CMBitMap*) 0x000002e1d97fdb98
 Prev Bits: [0x000002e1f0d00000, 0x000002e1f2d00000)
 Next Bits: [0x000002e1eed00000, 0x000002e1f0d00000)

Polling page: 0x000002e1d9680000

Metaspace:

Usage:
  Non-class:     55.89 MB capacity,    54.89 MB ( 98%) used,   865.35 KB (  2%) free+waste,   162.56 KB ( <1%) overhead. 
      Class:      8.47 MB capacity,     7.94 MB ( 94%) used,   468.40 KB (  5%) free+waste,    75.75 KB ( <1%) overhead. 
       Both:     64.37 MB capacity,    62.83 MB ( 98%) used,     1.30 MB (  2%) free+waste,   238.31 KB ( <1%) overhead. 

Virtual space:
  Non-class space:       58.00 MB reserved,      56.12 MB ( 97%) committed 
      Class space:        1.00 GB reserved,       8.50 MB ( <1%) committed 
             Both:        1.06 GB reserved,      64.62 MB (  6%) committed 

Chunk freelists:
   Non-Class:  42.00 KB
       Class:  26.00 KB
        Both:  68.00 KB

MaxMetaspaceSize: 17179869184.00 GB
CompressedClassSpaceSize: 1.00 GB

CodeHeap 'non-profiled nmethods': size=120064Kb used=3788Kb max_used=3788Kb free=116275Kb
 bounds [0x000002e1e65a0000, 0x000002e1e6960000, 0x000002e1edae0000]
CodeHeap 'profiled nmethods': size=120000Kb used=13457Kb max_used=13457Kb free=106542Kb
 bounds [0x000002e1df070000, 0x000002e1dfda0000, 0x000002e1e65a0000]
CodeHeap 'non-nmethods': size=5696Kb used=2260Kb max_used=2293Kb free=3435Kb
 bounds [0x000002e1deae0000, 0x000002e1ded50000, 0x000002e1df070000]
 total_blobs=7090 nmethods=6237 adapters=764
 compilation: enabled
              stopped_count=0, restarted_count=0
 full_count=0

Compilation events (20 events):
Event: 35.754 Thread 0x000002e1f5ba5800 6269       3       org.codehaus.groovy.reflection.CachedField::isStatic (8 bytes)
Event: 35.754 Thread 0x000002e1f5ba5800 nmethod 6269 0x000002e1dfd85f10 code [0x000002e1dfd860e0, 0x000002e1dfd86318]
Event: 35.754 Thread 0x000002e1f5ba5800 6266       3       java.beans.PropertyDescriptor::isAssignable (148 bytes)
Event: 35.759 Thread 0x000002e1f9a57800 nmethod 6264 0x000002e1e6950f90 code [0x000002e1e6951140, 0x000002e1e6951828]
Event: 35.759 Thread 0x000002e1f9a57800 6251       4       java.lang.Class::getMethodsRecursive (99 bytes)
Event: 35.764 Thread 0x000002e1f5ba5800 nmethod 6266 0x000002e1dfd86410 code [0x000002e1dfd86b80, 0x000002e1dfd8b258]
Event: 35.764 Thread 0x000002e1f5ba5800 6271       3       org.codehaus.groovy.reflection.CachedClass::<init> (247 bytes)
Event: 35.767 Thread 0x000002e1f5ba1000 nmethod 6255 0x000002e1e6951b90 code [0x000002e1e6951da0, 0x000002e1e6952b08]
Event: 35.768 Thread 0x000002e1f5ba1000 6249       4       java.lang.Class::privateGetDeclaredMethods (64 bytes)
Event: 35.769 Thread 0x000002e1f5ba5800 nmethod 6271 0x000002e1dfd8c810 code [0x000002e1dfd8cd00, 0x000002e1dfd8fa78]
Event: 35.769 Thread 0x000002e1f5ba5800 6273       3       java.util.Spliterator::getExactSizeIfKnown (25 bytes)
Event: 35.770 Thread 0x000002e1f5ba5800 nmethod 6273 0x000002e1dfd90590 code [0x000002e1dfd90760, 0x000002e1dfd90a38]
Event: 35.770 Thread 0x000002e1f5ba5800 6270  s    3       java.lang.ClassValue$ClassValueMap::finishEntry (117 bytes)
Event: 35.772 Thread 0x000002e1f5ba5800 nmethod 6270 0x000002e1dfd90b10 code [0x000002e1dfd90de0, 0x000002e1dfd92278]
Event: 35.772 Thread 0x000002e1f5ba5800 6274       3       java.util.Spliterators::checkFromToBounds (74 bytes)
Event: 35.773 Thread 0x000002e1f5ba5800 nmethod 6274 0x000002e1dfd92710 code [0x000002e1dfd929e0, 0x000002e1dfd93668]
Event: 35.773 Thread 0x000002e1f5ba5800 6275       3       java.util.Spliterators$ArraySpliterator::estimateSize (11 bytes)
Event: 35.774 Thread 0x000002e1f5ba5800 nmethod 6275 0x000002e1dfd93b10 code [0x000002e1dfd93cc0, 0x000002e1dfd93dd8]
Event: 35.774 Thread 0x000002e1f5ba5800 6267       3       java.beans.PropertyDescriptor::setPropertyEditorClass (9 bytes)
Event: 35.774 Thread 0x000002e1f5ba5800 nmethod 6267 0x000002e1dfd93e90 code [0x000002e1dfd94080, 0x000002e1dfd94408]

GC Heap History (17 events):
Event: 1.252 GC heap before
{Heap before GC invocations=0 (full 0):
 garbage-first heap   total 196608K, used 19456K [0x0000000080000000, 0x0000000100000000)
  region size 1024K, 14 young (14336K), 0 survivors (0K)
 Metaspace       used 6748K, capacity 6925K, committed 7168K, reserved 1056768K
  class space    used 582K, capacity 650K, committed 768K, reserved 1048576K
}
Event: 1.261 GC heap after
{Heap after GC invocations=1 (full 0):
 garbage-first heap   total 196608K, used 8383K [0x0000000080000000, 0x0000000100000000)
  region size 1024K, 2 young (2048K), 2 survivors (2048K)
 Metaspace       used 6748K, capacity 6925K, committed 7168K, reserved 1056768K
  class space    used 582K, capacity 650K, committed 768K, reserved 1048576K
}
Event: 2.645 GC heap before
{Heap before GC invocations=1 (full 0):
 garbage-first heap   total 196608K, used 19647K [0x0000000080000000, 0x0000000100000000)
  region size 1024K, 13 young (13312K), 2 survivors (2048K)
 Metaspace       used 9875K, capacity 10054K, committed 10112K, reserved 1058816K
  class space    used 1022K, capacity 1102K, committed 1152K, reserved 1048576K
}
Event: 2.651 GC heap after
{Heap after GC invocations=2 (full 0):
 garbage-first heap   total 196608K, used 9477K [0x0000000080000000, 0x0000000100000000)
  region size 1024K, 2 young (2048K), 2 survivors (2048K)
 Metaspace       used 9875K, capacity 10054K, committed 10112K, reserved 1058816K
  class space    used 1022K, capacity 1102K, committed 1152K, reserved 1048576K
}
Event: 3.995 GC heap before
{Heap before GC invocations=2 (full 0):
 garbage-first heap   total 196608K, used 39173K [0x0000000080000000, 0x0000000100000000)
  region size 1024K, 30 young (30720K), 2 survivors (2048K)
 Metaspace       used 10777K, capacity 11007K, committed 11264K, reserved 1058816K
  class space    used 1125K, capacity 1206K, committed 1280K, reserved 1048576K
}
Event: 4.002 GC heap after
{Heap after GC invocations=3 (full 0):
 garbage-first heap   total 196608K, used 12388K [0x0000000080000000, 0x0000000100000000)
  region size 1024K, 3 young (3072K), 3 survivors (3072K)
 Metaspace       used 10777K, capacity 11007K, committed 11264K, reserved 1058816K
  class space    used 1125K, capacity 1206K, committed 1280K, reserved 1048576K
}
Event: 10.500 GC heap before
{Heap before GC invocations=3 (full 0):
 garbage-first heap   total 196608K, used 77924K [0x0000000080000000, 0x0000000100000000)
  region size 1024K, 69 young (70656K), 3 survivors (3072K)
 Metaspace       used 20630K, capacity 21154K, committed 21296K, reserved 1069056K
  class space    used 2513K, capacity 2688K, committed 2688K, reserved 1048576K
}
Event: 10.523 GC heap after
{Heap after GC invocations=4 (full 0):
 garbage-first heap   total 196608K, used 16818K [0x0000000080000000, 0x0000000100000000)
  region size 1024K, 9 young (9216K), 9 survivors (9216K)
 Metaspace       used 20630K, capacity 21154K, committed 21296K, reserved 1069056K
  class space    used 2513K, capacity 2688K, committed 2688K, reserved 1048576K
}
Event: 14.164 GC heap before
{Heap before GC invocations=5 (full 0):
 garbage-first heap   total 196608K, used 93618K [0x0000000080000000, 0x0000000100000000)
  region size 1024K, 85 young (87040K), 9 survivors (9216K)
 Metaspace       used 28190K, capacity 28828K, committed 29104K, reserved 1075200K
  class space    used 3742K, capacity 3996K, committed 4096K, reserved 1048576K
}
Event: 14.182 GC heap after
{Heap after GC invocations=6 (full 0):
 garbage-first heap   total 196608K, used 19396K [0x0000000080000000, 0x0000000100000000)
  region size 1024K, 9 young (9216K), 9 survivors (9216K)
 Metaspace       used 28190K, capacity 28828K, committed 29104K, reserved 1075200K
  class space    used 3742K, capacity 3996K, committed 4096K, reserved 1048576K
}
Event: 15.991 GC heap before
{Heap before GC invocations=6 (full 0):
 garbage-first heap   total 196608K, used 51140K [0x0000000080000000, 0x0000000100000000)
  region size 1024K, 41 young (41984K), 9 survivors (9216K)
 Metaspace       used 34841K, capacity 35642K, committed 35708K, reserved 1081344K
  class space    used 4533K, capacity 4864K, committed 4864K, reserved 1048576K
}
Event: 16.015 GC heap after
{Heap after GC invocations=7 (full 0):
 garbage-first heap   total 196608K, used 23563K [0x0000000080000000, 0x0000000100000000)
  region size 1024K, 7 young (7168K), 7 survivors (7168K)
 Metaspace       used 34841K, capacity 35642K, committed 35708K, reserved 1081344K
  class space    used 4533K, capacity 4864K, committed 4864K, reserved 1048576K
}
Event: 20.107 GC heap before
{Heap before GC invocations=8 (full 0):
 garbage-first heap   total 196608K, used 137227K [0x0000000080000000, 0x0000000100000000)
  region size 1024K, 115 young (117760K), 7 survivors (7168K)
 Metaspace       used 43926K, capacity 45066K, committed 45180K, reserved 1089536K
  class space    used 5619K, capacity 6034K, committed 6144K, reserved 1048576K
}
Event: 20.156 GC heap after
{Heap after GC invocations=9 (full 0):
 garbage-first heap   total 196608K, used 28427K [0x0000000080000000, 0x0000000100000000)
  region size 1024K, 12 young (12288K), 12 survivors (12288K)
 Metaspace       used 43926K, capacity 45066K, committed 45180K, reserved 1089536K
  class space    used 5619K, capacity 6034K, committed 6144K, reserved 1048576K
}
Event: 29.493 GC heap before
{Heap before GC invocations=10 (full 0):
 garbage-first heap   total 196608K, used 136971K [0x0000000080000000, 0x0000000100000000)
  region size 1024K, 115 young (117760K), 12 survivors (12288K)
 Metaspace       used 52318K, capacity 53706K, committed 53884K, reserved 1095680K
  class space    used 6660K, capacity 7168K, committed 7168K, reserved 1048576K
}
Event: 29.542 GC heap after
{Heap after GC invocations=11 (full 0):
 garbage-first heap   total 196608K, used 43048K [0x0000000080000000, 0x0000000100000000)
  region size 1024K, 15 young (15360K), 15 survivors (15360K)
 Metaspace       used 52318K, capacity 53706K, committed 53884K, reserved 1095680K
  class space    used 6660K, capacity 7168K, committed 7168K, reserved 1048576K
}
Event: 35.776 GC heap before
{Heap before GC invocations=11 (full 0):
 garbage-first heap   total 196608K, used 145448K [0x0000000080000000, 0x0000000100000000)
  region size 1024K, 115 young (117760K), 15 survivors (15360K)
 Metaspace       used 64339K, capacity 65912K, committed 66172K, reserved 1107968K
  class space    used 8133K, capacity 8678K, committed 8704K, reserved 1048576K
}

Deoptimization events (20 events):
Event: 35.198 Thread 0x000002e1f84ad000 Uncommon trap: trap_request=0xffffff4d fr.pc=0x000002e1e65aa654 relative=0x0000000000000034
Event: 35.198 Thread 0x000002e1f84ad000 Uncommon trap: reason=unstable_if action=reinterpret pc=0x000002e1e65aa654 method=java.lang.StringLatin1.canEncode(I)Z @ 4 c2
Event: 35.198 Thread 0x000002e1f84ad000 DEOPT PACKING pc=0x000002e1e65aa654 sp=0x000000e24def6ce0
Event: 35.198 Thread 0x000002e1f84ad000 DEOPT UNPACKING pc=0x000002e1deb0782f sp=0x000000e24def6c70 mode 2
Event: 35.198 Thread 0x000002e1f84ad000 Uncommon trap: trap_request=0xffffff4d fr.pc=0x000002e1e65d4a2c relative=0x000000000000046c
Event: 35.198 Thread 0x000002e1f84ad000 Uncommon trap: reason=unstable_if action=reinterpret pc=0x000002e1e65d4a2c method=java.lang.AbstractStringBuilder.putStringAt(ILjava/lang/String;)V @ 8 c2
Event: 35.198 Thread 0x000002e1f84ad000 DEOPT PACKING pc=0x000002e1e65d4a2c sp=0x000000e24def6e00
Event: 35.198 Thread 0x000002e1f84ad000 DEOPT UNPACKING pc=0x000002e1deb0782f sp=0x000000e24def6d18 mode 2
Event: 35.198 Thread 0x000002e1f84ad000 Uncommon trap: trap_request=0xffffff4d fr.pc=0x000002e1e65d42e0 relative=0x00000000000000c0
Event: 35.198 Thread 0x000002e1f84ad000 Uncommon trap: reason=unstable_if action=reinterpret pc=0x000002e1e65d42e0 method=java.lang.String.getBytes([BIB)V @ 5 c2
Event: 35.198 Thread 0x000002e1f84ad000 DEOPT PACKING pc=0x000002e1e65d42e0 sp=0x000000e24def6cd0
Event: 35.198 Thread 0x000002e1f84ad000 DEOPT UNPACKING pc=0x000002e1deb0782f sp=0x000000e24def6c98 mode 2
Event: 35.198 Thread 0x000002e1f84ad000 Uncommon trap: trap_request=0xffffff4d fr.pc=0x000002e1e65ec9c4 relative=0x0000000000000484
Event: 35.198 Thread 0x000002e1f84ad000 Uncommon trap: reason=unstable_if action=reinterpret pc=0x000002e1e65ec9c4 method=java.lang.AbstractStringBuilder.putStringAt(ILjava/lang/String;)V @ 8 c2
Event: 35.198 Thread 0x000002e1f84ad000 DEOPT PACKING pc=0x000002e1e65ec9c4 sp=0x000000e24def6da0
Event: 35.198 Thread 0x000002e1f84ad000 DEOPT UNPACKING pc=0x000002e1deb0782f sp=0x000000e24def6d10 mode 2
Event: 35.698 Thread 0x000002e1f84ad000 Uncommon trap: trap_request=0xffffff4d fr.pc=0x000002e1e672c06c relative=0x000000000000032c
Event: 35.698 Thread 0x000002e1f84ad000 Uncommon trap: reason=unstable_if action=reinterpret pc=0x000002e1e672c06c method=java.util.StringJoiner.add(Ljava/lang/CharSequence;)Ljava/util/StringJoiner; @ 33 c2
Event: 35.698 Thread 0x000002e1f84ad000 DEOPT PACKING pc=0x000002e1e672c06c sp=0x000000e24def63b0
Event: 35.698 Thread 0x000002e1f84ad000 DEOPT UNPACKING pc=0x000002e1deb0782f sp=0x000000e24def6360 mode 2

Classes redefined (0 events):
No events

Internal exceptions (20 events):
Event: 32.121 Thread 0x000002e1f84ad000 Exception <a 'java/lang/IncompatibleClassChangeError'{0x0000000089da4c90}: Found class java.lang.Object, but interface was expected> (0x0000000089da4c90) thrown at [./src/hotspot/share/interpreter/linkResolver.cpp, line 839]
Event: 32.266 Thread 0x000002e1f84ad000 Implicit null exception at 0x000002e1e68898d4 to 0x000002e1e6889a50
Event: 32.266 Thread 0x000002e1f84ad000 Implicit null exception at 0x000002e1e67b1623 to 0x000002e1e67b3d3c
Event: 32.642 Thread 0x000002e1f84ad000 Implicit null exception at 0x000002e1e6719f8b to 0x000002e1e671a064
Event: 33.405 Thread 0x000002e1f84ad000 Exception <a 'sun/nio/fs/WindowsException'{0x0000000088787078}> (0x0000000088787078) thrown at [./src/hotspot/share/prims/jni.cpp, line 615]
Event: 35.572 Thread 0x000002e1f84ad000 Exception <a 'java/lang/ClassNotFoundException'{0x000000008636fa70}: build_aokswghcdtieuyk3vmoyq59dkBeanInfo> (0x000000008636fa70) thrown at [./src/hotspot/share/classfile/systemDictionary.cpp, line 231]
Event: 35.573 Thread 0x000002e1f84ad000 Exception <a 'java/lang/ClassNotFoundException'{0x000000008637a938}: build_aokswghcdtieuyk3vmoyq59dkCustomizer> (0x000000008637a938) thrown at [./src/hotspot/share/classfile/systemDictionary.cpp, line 231]
Event: 35.688 Thread 0x000002e1f84ad000 Exception <a 'java/lang/ClassNotFoundException'{0x00000000860584e0}: com/android/build/gradle/internal/dsl/BaseAppModuleExtension_DecoratedBeanInfo> (0x00000000860584e0) thrown at [./src/hotspot/share/classfile/systemDictionary.cpp, line 231]
Event: 35.690 Thread 0x000002e1f84ad000 Exception <a 'java/lang/ClassNotFoundException'{0x0000000086070808}: com/android/build/gradle/internal/dsl/BaseAppModuleExtensionBeanInfo> (0x0000000086070808) thrown at [./src/hotspot/share/classfile/systemDictionary.cpp, line 231]
Event: 35.691 Thread 0x000002e1f84ad000 Exception <a 'java/lang/ClassNotFoundException'{0x00000000860856a8}: com/android/build/gradle/AppExtensionBeanInfo> (0x00000000860856a8) thrown at [./src/hotspot/share/classfile/systemDictionary.cpp, line 231]
Event: 35.692 Thread 0x000002e1f84ad000 Exception <a 'java/lang/ClassNotFoundException'{0x000000008609b4f0}: com/android/build/gradle/AbstractAppExtensionBeanInfo> (0x000000008609b4f0) thrown at [./src/hotspot/share/classfile/systemDictionary.cpp, line 231]
Event: 35.693 Thread 0x000002e1f84ad000 Exception <a 'java/lang/ClassNotFoundException'{0x00000000860b0360}: com/android/build/gradle/TestedExtensionBeanInfo> (0x00000000860b0360) thrown at [./src/hotspot/share/classfile/systemDictionary.cpp, line 231]
Event: 35.694 Thread 0x000002e1f84ad000 Exception <a 'java/lang/ClassNotFoundException'{0x00000000860c53c8}: com/android/build/gradle/BaseExtensionBeanInfo> (0x00000000860c53c8) thrown at [./src/hotspot/share/classfile/systemDictionary.cpp, line 231]
Event: 35.695 Thread 0x000002e1f84ad000 Exception <a 'java/lang/ClassNotFoundException'{0x00000000860da200}: com/android/build/gradle/BaseExtensionCustomizer> (0x00000000860da200) thrown at [./src/hotspot/share/classfile/systemDictionary.cpp, line 231]
Event: 35.704 Thread 0x000002e1f84ad000 Exception <a 'java/lang/ClassNotFoundException'{0x0000000085f47bd8}: com/android/build/gradle/TestedExtensionCustomizer> (0x0000000085f47bd8) thrown at [./src/hotspot/share/classfile/systemDictionary.cpp, line 231]
Event: 35.709 Thread 0x000002e1f84ad000 Exception <a 'java/lang/ClassNotFoundException'{0x0000000085f77a58}: com/android/build/gradle/AbstractAppExtensionCustomizer> (0x0000000085f77a58) thrown at [./src/hotspot/share/classfile/systemDictionary.cpp, line 231]
Event: 35.712 Thread 0x000002e1f84ad000 Exception <a 'java/lang/ClassNotFoundException'{0x0000000085fa2cf8}: com/android/build/gradle/AppExtensionCustomizer> (0x0000000085fa2cf8) thrown at [./src/hotspot/share/classfile/systemDictionary.cpp, line 231]
Event: 35.714 Thread 0x000002e1f84ad000 Exception <a 'java/lang/ClassNotFoundException'{0x0000000085fcfbf8}: com/android/build/gradle/internal/dsl/BaseAppModuleExtensionCustomizer> (0x0000000085fcfbf8) thrown at [./src/hotspot/share/classfile/systemDictionary.cpp, line 231]
Event: 35.727 Thread 0x000002e1f84ad000 Exception <a 'java/lang/ClassNotFoundException'{0x0000000085e9c5f8}: com/android/build/gradle/internal/dsl/BaseAppModuleExtension_DecoratedCustomizer> (0x0000000085e9c5f8) thrown at [./src/hotspot/share/classfile/systemDictionary.cpp, line 231]
Event: 35.776 Thread 0x000002e1f84ad000 Exception <a 'java/lang/ClassNotFoundException'{0x0000000085cfa160}: com/android/build/gradle/internal/dsl/DefaultConfig_DecoratedBeanInfo> (0x0000000085cfa160) thrown at [./src/hotspot/share/classfile/systemDictionary.cpp, line 231]

Events (20 events):
Event: 35.714 loading class com/android/build/gradle/internal/dsl/BaseAppModuleExtensionCustomizer done
Event: 35.714 loading class com/android/build/gradle/internal/dsl/BaseAppModuleExtensionCustomizer
Event: 35.714 loading class com/android/build/gradle/internal/dsl/BaseAppModuleExtensionCustomizer done
Event: 35.726 loading class com/android/build/gradle/internal/dsl/BaseAppModuleExtension_DecoratedCustomizer
Event: 35.726 loading class com/android/build/gradle/internal/dsl/BaseAppModuleExtension_DecoratedCustomizer done
Event: 35.727 loading class com/android/build/gradle/internal/dsl/BaseAppModuleExtension_DecoratedCustomizer
Event: 35.727 loading class com/android/build/gradle/internal/dsl/BaseAppModuleExtension_DecoratedCustomizer done
Event: 35.745 loading class groovy/runtime/metaclass/build_aokswghcdtieuyk3vmoyq59dk$_run_closure1$_closure3MetaClass
Event: 35.745 loading class groovy/runtime/metaclass/build_aokswghcdtieuyk3vmoyq59dk$_run_closure1$_closure3MetaClass done
Event: 35.747 loading class org/gradle/util/ConfigureUtil
Event: 35.747 loading class org/gradle/util/ConfigureUtil done
Event: 35.747 loading class groovy/runtime/metaclass/com/android/build/gradle/internal/dsl/DefaultConfig_DecoratedMetaClass
Event: 35.747 loading class groovy/runtime/metaclass/com/android/build/gradle/internal/dsl/DefaultConfig_DecoratedMetaClass done
Event: 35.775 loading class com/android/build/gradle/internal/dsl/DefaultConfig_DecoratedBeanInfo
Event: 35.775 loading class com/android/build/gradle/internal/dsl/DefaultConfig_DecoratedBeanInfo done
Event: 35.775 loading class com/android/build/gradle/internal/dsl/DefaultConfig_DecoratedBeanInfo
Event: 35.775 loading class com/android/build/gradle/internal/dsl/DefaultConfig_DecoratedBeanInfo done
Event: 35.776 loading class com/android/build/gradle/internal/dsl/DefaultConfigBeanInfo
Event: 35.776 loading class com/android/build/gradle/internal/dsl/DefaultConfigBeanInfo done
Event: 35.776 Executing VM operation: G1CollectForAllocation


Dynamic libraries:
0x00007ff794c70000 - 0x00007ff794c7a000 	C:\Program Files\Android\Android Studio\jre\bin\java.exe
0x00007ff8f2c90000 - 0x00007ff8f2e85000 	C:\WINDOWS\SYSTEM32\ntdll.dll
0x00007ff8f1f50000 - 0x00007ff8f200e000 	C:\WINDOWS\System32\KERNEL32.DLL
0x00007ff8f0870000 - 0x00007ff8f0b38000 	C:\WINDOWS\System32\KERNELBASE.dll
0x00007ff8f0770000 - 0x00007ff8f0870000 	C:\WINDOWS\System32\ucrtbase.dll
0x00007ff8d7cd0000 - 0x00007ff8d7ce7000 	C:\Program Files\Android\Android Studio\jre\bin\VCRUNTIME140.dll
0x00007ff8e53e0000 - 0x00007ff8e53f9000 	C:\Program Files\Android\Android Studio\jre\bin\jli.dll
0x00007ff8f2450000 - 0x00007ff8f25f1000 	C:\WINDOWS\System32\USER32.dll
0x00007ff8f0b40000 - 0x00007ff8f0b62000 	C:\WINDOWS\System32\win32u.dll
0x00007ff8df370000 - 0x00007ff8df60a000 	C:\WINDOWS\WinSxS\amd64_microsoft.windows.common-controls_6595b64144ccf1df_6.0.19041.1110_none_60b5254171f9507e\COMCTL32.dll
0x00007ff8f2810000 - 0x00007ff8f283b000 	C:\WINDOWS\System32\GDI32.dll
0x00007ff8f2840000 - 0x00007ff8f28de000 	C:\WINDOWS\System32\msvcrt.dll
0x00007ff8f0660000 - 0x00007ff8f076d000 	C:\WINDOWS\System32\gdi32full.dll
0x00007ff8f03a0000 - 0x00007ff8f043d000 	C:\WINDOWS\System32\msvcp_win.dll
0x00007ff8f2140000 - 0x00007ff8f2170000 	C:\WINDOWS\System32\IMM32.DLL
0x00007ff8d7b30000 - 0x00007ff8d7bcd000 	C:\Program Files\Android\Android Studio\jre\bin\msvcp140.dll
0x00007ff8a1010000 - 0x00007ff8a1adf000 	C:\Program Files\Android\Android Studio\jre\bin\server\jvm.dll
0x00007ff8f23a0000 - 0x00007ff8f244e000 	C:\WINDOWS\System32\ADVAPI32.dll
0x00007ff8f2ad0000 - 0x00007ff8f2b6c000 	C:\WINDOWS\System32\sechost.dll
0x00007ff8f1870000 - 0x00007ff8f1995000 	C:\WINDOWS\System32\RPCRT4.dll
0x00007ff8f2960000 - 0x00007ff8f2968000 	C:\WINDOWS\System32\PSAPI.DLL
0x00007ff8ea940000 - 0x00007ff8ea949000 	C:\WINDOWS\SYSTEM32\WSOCK32.dll
0x00007ff8e05c0000 - 0x00007ff8e05e7000 	C:\WINDOWS\SYSTEM32\WINMM.dll
0x00007ff8f19a0000 - 0x00007ff8f1a0b000 	C:\WINDOWS\System32\WS2_32.dll
0x00007ff8e2c10000 - 0x00007ff8e2c1a000 	C:\WINDOWS\SYSTEM32\VERSION.dll
0x00007ff8ee290000 - 0x00007ff8ee2a2000 	C:\WINDOWS\SYSTEM32\kernel.appcore.dll
0x00007ff8a0ff0000 - 0x00007ff8a1001000 	C:\Program Files\Android\Android Studio\jre\bin\verify.dll
0x00007ff8df800000 - 0x00007ff8df9e4000 	C:\WINDOWS\SYSTEM32\DBGHELP.DLL
0x00007ff8e1be0000 - 0x00007ff8e1c0c000 	C:\WINDOWS\SYSTEM32\dbgcore.DLL
0x00007ff8f0470000 - 0x00007ff8f04f2000 	C:\WINDOWS\System32\bcryptPrimitives.dll
0x00007ff8a0fc0000 - 0x00007ff8a0fe9000 	C:\Program Files\Android\Android Studio\jre\bin\java.dll
0x00007ff8d5730000 - 0x00007ff8d573b000 	C:\Program Files\Android\Android Studio\jre\bin\jimage.dll
0x00007ff8a0fa0000 - 0x00007ff8a0fb8000 	C:\Program Files\Android\Android Studio\jre\bin\zip.dll
0x00007ff8f0cd0000 - 0x00007ff8f1414000 	C:\WINDOWS\System32\SHELL32.dll
0x00007ff8ee490000 - 0x00007ff8eec25000 	C:\WINDOWS\SYSTEM32\windows.storage.dll
0x00007ff8f1480000 - 0x00007ff8f17d5000 	C:\WINDOWS\System32\combase.dll
0x00007ff8efd20000 - 0x00007ff8efd4e000 	C:\WINDOWS\SYSTEM32\Wldp.dll
0x00007ff8f2290000 - 0x00007ff8f233d000 	C:\WINDOWS\System32\SHCORE.dll
0x00007ff8f1420000 - 0x00007ff8f1475000 	C:\WINDOWS\System32\shlwapi.dll
0x00007ff8f02e0000 - 0x00007ff8f02ff000 	C:\WINDOWS\SYSTEM32\profapi.dll
0x00007ff8a0f80000 - 0x00007ff8a0f9a000 	C:\Program Files\Android\Android Studio\jre\bin\net.dll
0x00007ff8e5650000 - 0x00007ff8e575c000 	C:\WINDOWS\SYSTEM32\WINHTTP.dll
0x00007ff8efa80000 - 0x00007ff8efaea000 	C:\WINDOWS\system32\mswsock.dll
0x00007ff8a0f60000 - 0x00007ff8a0f74000 	C:\Program Files\Android\Android Studio\jre\bin\nio.dll
0x00007ff8d4ee0000 - 0x00007ff8d4f07000 	E:\Android\gradle\native\8bec1ad78214c89d9ad589b4d07fe93259594b29d510b10fafb7a158f7737e5d\windows-amd64\native-platform.dll
0x00007ff8cbf50000 - 0x00007ff8cc08d000 	E:\Android\gradle\native\53dbd7edfb1c66fb8903c78663c9afc45aea4f116125fa6feffd364cf09443e8\windows-amd64\native-platform-file-events.dll
0x00007ff8d4e70000 - 0x00007ff8d4e7a000 	C:\Program Files\Android\Android Studio\jre\bin\management.dll
0x00007ff8d1440000 - 0x00007ff8d144c000 	C:\Program Files\Android\Android Studio\jre\bin\management_ext.dll
0x00007ff8efc80000 - 0x00007ff8efc98000 	C:\WINDOWS\SYSTEM32\CRYPTSP.dll
0x00007ff8ef400000 - 0x00007ff8ef434000 	C:\WINDOWS\system32\rsaenh.dll
0x00007ff8f0440000 - 0x00007ff8f0467000 	C:\WINDOWS\System32\bcrypt.dll
0x00007ff8f02a0000 - 0x00007ff8f02ce000 	C:\WINDOWS\SYSTEM32\USERENV.dll
0x00007ff8efc70000 - 0x00007ff8efc7c000 	C:\WINDOWS\SYSTEM32\CRYPTBASE.dll
0x00007ff8ef770000 - 0x00007ff8ef7ab000 	C:\WINDOWS\SYSTEM32\IPHLPAPI.DLL
0x00007ff8f2990000 - 0x00007ff8f2998000 	C:\WINDOWS\System32\NSI.dll
0x00007ff8ea850000 - 0x00007ff8ea867000 	C:\WINDOWS\SYSTEM32\dhcpcsvc6.DLL
0x00007ff8ea830000 - 0x00007ff8ea84d000 	C:\WINDOWS\SYSTEM32\dhcpcsvc.DLL
0x00007ff8ef7b0000 - 0x00007ff8ef87b000 	C:\WINDOWS\SYSTEM32\DNSAPI.dll

dbghelp: loaded successfully - version: 4.0.5 - missing functions: none
symbol engine: initialized successfully - sym options: 0x614 - pdb path: .;C:\Program Files\Android\Android Studio\jre\bin;C:\WINDOWS\SYSTEM32;C:\WINDOWS\WinSxS\amd64_microsoft.windows.common-controls_6595b64144ccf1df_6.0.19041.1110_none_60b5254171f9507e;C:\Program Files\Android\Android Studio\jre\bin\server;E:\Android\gradle\native\8bec1ad78214c89d9ad589b4d07fe93259594b29d510b10fafb7a158f7737e5d\windows-amd64;E:\Android\gradle\native\53dbd7edfb1c66fb8903c78663c9afc45aea4f116125fa6feffd364cf09443e8\windows-amd64

VM Arguments:
jvm_args: --add-opens=java.base/java.util=ALL-UNNAMED --add-opens=java.base/java.lang=ALL-UNNAMED --add-opens=java.base/java.lang.invoke=ALL-UNNAMED --add-opens=java.base/java.util=ALL-UNNAMED --add-opens=java.prefs/java.util.prefs=ALL-UNNAMED --add-opens=java.prefs/java.util.prefs=ALL-UNNAMED --add-opens=java.base/java.nio.charset=ALL-UNNAMED --add-opens=java.base/java.net=ALL-UNNAMED --add-opens=java.base/java.util.concurrent.atomic=ALL-UNNAMED -Xmx2048m -Dfile.encoding=UTF-8 -Duser.country=US -Duser.language=en -Duser.variant 
java_command: org.gradle.launcher.daemon.bootstrap.GradleDaemon 7.0.2
java_class_path (initial): E:\Android\gradle\wrapper\dists\gradle-7.0.2-bin\857tjihv64xamwrf0h14cai3r\gradle-7.0.2\lib\gradle-launcher-7.0.2.jar
Launcher Type: SUN_STANDARD

[Global flags]
     intx CICompilerCount                          = 3                                         {product} {ergonomic}
     uint ConcGCThreads                            = 1                                         {product} {ergonomic}
     uint G1ConcRefinementThreads                  = 4                                         {product} {ergonomic}
   size_t G1HeapRegionSize                         = 1048576                                   {product} {ergonomic}
    uintx GCDrainStackTargetSize                   = 64                                        {product} {ergonomic}
   size_t InitialHeapSize                          = 201326592                                 {product} {ergonomic}
   size_t MarkStackSize                            = 4194304                                   {product} {ergonomic}
   size_t MaxHeapSize                              = 2147483648                                {product} {command line}
   size_t MaxNewSize                               = 1287651328                                {product} {ergonomic}
   size_t MinHeapDeltaBytes                        = 1048576                                   {product} {ergonomic}
    uintx NonNMethodCodeHeapSize                   = 5830732                                {pd product} {ergonomic}
    uintx NonProfiledCodeHeapSize                  = 122913754                              {pd product} {ergonomic}
    uintx ProfiledCodeHeapSize                     = 122913754                              {pd product} {ergonomic}
    uintx ReservedCodeCacheSize                    = 251658240                              {pd product} {ergonomic}
     bool SegmentedCodeCache                       = true                                      {product} {ergonomic}
     bool UseCompressedClassPointers               = true                                 {lp64_product} {ergonomic}
     bool UseCompressedOops                        = true                                 {lp64_product} {ergonomic}
     bool UseG1GC                                  = true                                      {product} {ergonomic}
     bool UseLargePagesIndividualAllocation        = false                                  {pd product} {ergonomic}

Logging:
Log output configuration:
 #0: stdout all=warning uptime,level,tags
 #1: stderr all=off uptime,level,tags

Environment Variables:
PATH=C:\Program Files (x86)\Common Files\Intel\Shared Libraries\redist\ia32\mpirt;C:\Program Files (x86)\Common Files\Intel\Shared Libraries\redist\ia32\compiler;C:\ProgramData\Oracle\Java\javapath;C:\WINDOWS\system32;C:\WINDOWS;C:\WINDOWS\System32\Wbem;C:\WINDOWS\System32\WindowsPowerShell\v1.0\;C:\WINDOWS\System32\OpenSSH\;%PYTHON3_SCRIPTS%;C:\Users\jj\AppData\Local\Programs\Python\Python38-32\Scripts\;C:\Users\jj\AppData\Local\Programs\Python\Python38-32\;C:\Users\jj\Downloads\PhoenixSuit_V1.10\PhoenixSuit_V1.10\;C:\Users\jj\AppData\Local\Microsoft\WindowsApps;C:\adb;C:\Program Files\Git\cmd;C:\WINDOWS\system32;C:\WINDOWS;C:\WINDOWS\System32\Wbem;C:\WINDOWS\System32\WindowsPowerShell\v1.0\;C:\WINDOWS\System32\OpenSSH\;C:\Program Files\Microsoft SQL Server\120\Tools\Binn\;E:\mingw\bin;C:\Program Files (x86)\Applied Biosystems\QuantStudio Design & Analysis Software\bin;C:\Users\jj\AppData\Local\Programs\Python\Python38-32\Scripts\;C:\Users\jj\AppData\Local\Programs\Python\Python38-32\;C:\Users\jj\Downloads\PhoenixSuit_V1.10\PhoenixSuit_V1.10\;C:\Users\jj\AppData\Local\Microsoft\WindowsApps;E:\src\flutter\bin;E:\Android\Sdk;;C:\Users\jj\AppData\Local\Programs\Microsoft VS Code\bin
USERNAME=jj
OS=Windows_NT
PROCESSOR_IDENTIFIER=Intel64 Family 6 Model 42 Stepping 7, GenuineIntel



---------------  S Y S T E M  ---------------

OS: Windows 10 , 64 bit Build 19041 (10.0.19041.1466)
OS uptime: 0 days 0:08 hours

CPU:total 4 (initial active 4) (2 cores per cpu, 2 threads per core) family 6 model 42 stepping 7 microcode 0x2f, cmov, cx8, fxsr, mmx, sse, sse2, sse3, ssse3, sse4.1, sse4.2, popcnt, avx, clmul, ht, tsc, tscinvbit

Memory: 4k page, system-wide physical 12202M (4905M free)
TotalPageFile size 14058M (AvailPageFile size 5573M)
current process WorkingSet (physical memory assigned to process): 341M, peak: 375M
current process commit charge ("private bytes"): 395M, peak: 429M

vm_info: OpenJDK 64-Bit Server VM (11.0.10+0-b96-7249189) for windows-amd64 JRE (11.0.10+0-b96-7249189), built on Mar 31 2021 21:44:00 by "builder" with MS VC++ 14.0 (VS2015)

END.
